-------------------------------------------------------------------------------
Test set: com.example.demoDynamo.DemoDynamoApplicationTests
-------------------------------------------------------------------------------
Tests run: 1, Failures: 0, Errors: 1, Skipped: 0, Time elapsed: 3.02 s <<< FAILURE! - in com.example.demoDynamo.DemoDynamoApplicationTests
contextLoads  Time elapsed: 0.002 s  <<< ERROR!
java.lang.IllegalStateException: Failed to load ApplicationContext
Caused by: org.springframework.beans.factory.UnsatisfiedDependencyException: Error creating bean with name 'userCrudController' defined in file [C:\Users\georg\Documents\GeComGe\projetos\DemoDynamo\target\classes\com\example\demoDynamo\controller\UserCrudController.class]: Unsatisfied dependency expressed through constructor parameter 0; nested exception is org.springframework.beans.factory.NoSuchBeanDefinitionException: No qualifying bean of type 'com.example.demoDynamo.service.UserCrudService' available: expected at least 1 bean which qualifies as autowire candidate. Dependency annotations: {}
Caused by: org.springframework.beans.factory.NoSuchBeanDefinitionException: No qualifying bean of type 'com.example.demoDynamo.service.UserCrudService' available: expected at least 1 bean which qualifies as autowire candidate. Dependency annotations: {}

